<?xml version="1.0" encoding="UTF-8"?>
<!-- Generated by org.testng.reporters.JUnitReportReporter -->
<testsuite hostname="VINUPC" failures="0" tests="2" name="SauceDemo.SauceDemo.HomepageVerification" time="13.568" errors="0" timestamp="2025-04-17T23:25:22 IST" skipped="0">
  <testcase classname="SauceDemo.SauceDemo.HomepageVerification" name="LoginTest" time="10.517"/>
  <system-out/>
  <testcase classname="SauceDemo.SauceDemo.HomepageVerification" name="LoginTest" time="3.051"/>
  <system-out/>
</testsuite> <!-- SauceDemo.SauceDemo.HomepageVerification -->
