<?xml version="1.0" encoding="UTF-8"?>
<!-- Generated by org.testng.reporters.JUnitReportReporter -->
<testsuite hostname="VINUPC" failures="0" tests="2" name="SauceDemo.SauceDemo.LoginPage" time="7.521" errors="0" timestamp="2025-04-17T20:54:20 IST" skipped="0">
  <testcase classname="SauceDemo.SauceDemo.LoginPage" name="LoginTest" time="5.074"/>
  <system-out/>
  <testcase classname="SauceDemo.SauceDemo.LoginPage" name="LoginTest" time="2.447"/>
  <system-out/>
</testsuite> <!-- SauceDemo.SauceDemo.LoginPage -->
