<?xml version="1.0" encoding="UTF-8"?>
<!-- Generated by org.testng.reporters.JUnitReportReporter -->
<testsuite hostname="VINUPC" failures="0" tests="1" name="SauceDemo.SauceDemo.CheckOutProcessTest" time="4.524" errors="0" timestamp="2025-04-18T12:41:41 IST" skipped="0">
  <testcase classname="SauceDemo.SauceDemo.CheckOutProcessTest" name="OrderComplete" time="4.524"/>
  <system-out/>
</testsuite> <!-- SauceDemo.SauceDemo.CheckOutProcessTest -->
