<?xml version="1.0" encoding="UTF-8"?>
<!-- Generated by org.testng.reporters.JUnitReportReporter -->
<testsuite hostname="VINUPC" failures="0" tests="1" name="SauceDemo.SauceDemo.AddCart" time="3.316" errors="0" timestamp="2025-04-18T12:41:41 IST" skipped="0">
  <testcase classname="SauceDemo.SauceDemo.AddCart" name="AddToCart" time="3.316"/>
  <system-out/>
</testsuite> <!-- SauceDemo.SauceDemo.AddCart -->
