<?xml version="1.0" encoding="UTF-8"?>
<!-- Generated by org.testng.reporters.JUnitReportReporter -->
<testsuite hostname="VINUPC" failures="0" tests="2" name="SauceDemo.SauceDemo.HomepageVerificationTest" time="7.187" errors="0" timestamp="2025-04-18T12:41:41 IST" skipped="0">
  <testcase classname="SauceDemo.SauceDemo.HomepageVerificationTest" name="LoginTest" time="4.654"/>
  <system-out/>
  <testcase classname="SauceDemo.SauceDemo.HomepageVerificationTest" name="LoginTest" time="2.533"/>
  <system-out/>
</testsuite> <!-- SauceDemo.SauceDemo.HomepageVerificationTest -->
