<?xml version="1.0" encoding="UTF-8"?>
<!-- Generated by org.testng.reporters.JUnitReportReporter -->
<testsuite hostname="VINUPC" failures="0" tests="1" name="SauceDemo.SauceDemo.ProductFilter" time="54.821" errors="0" timestamp="2025-04-17T23:25:22 IST" skipped="0">
  <testcase classname="SauceDemo.SauceDemo.ProductFilter" name="ProductFilter" time="54.821"/>
  <system-out/>
</testsuite> <!-- SauceDemo.SauceDemo.ProductFilter -->
